<?xml version="1.0" encoding="UTF-8"?>
<!-- Generated by org.testng.reporters.JUnitReportReporter -->
<testsuite skipped="0" hostname="6ea2d219fd9c" name="com.searchmodule.tests.SearchTest" tests="5" failures="0" timestamp="26 Jan 2023 22:07:21 GMT" time="19.441" errors="0">
  <testcase name="search" time="3.585" classname="com.searchmodule.tests.SearchTest"/>
  <testcase name="search" time="3.266" classname="com.searchmodule.tests.SearchTest"/>
  <testcase name="search" time="2.738" classname="com.searchmodule.tests.SearchTest"/>
  <testcase name="search" time="6.317" classname="com.searchmodule.tests.SearchTest"/>
  <testcase name="search" time="3.535" classname="com.searchmodule.tests.SearchTest"/>
</testsuite> <!-- com.searchmodule.tests.SearchTest -->
