<?xml version="1.0" encoding="UTF-8"?>
<!-- Generated by org.testng.reporters.JUnitReportReporter -->
<testsuite skipped="0" hostname="cc3eed223a44" name="com.newtours.tests.BookFlightsTest" tests="20" failures="0" timestamp="26 Jan 2023 22:06:57 GMT" time="47.201" errors="0">
  <testcase name="registrationConfirmationPage" time="0.188" classname="com.newtours.tests.BookFlightsTest"/>
  <testcase name="FlightsDetailsPage" time="1.639" classname="com.newtours.tests.BookFlightsTest"/>
  <testcase name="flightConfirmationPage" time="0.303" classname="com.newtours.tests.BookFlightsTest"/>
  <testcase name="flightConfirmationPage" time="0.420" classname="com.newtours.tests.BookFlightsTest"/>
  <testcase name="registrationPage" time="11.134" classname="com.newtours.tests.BookFlightsTest"/>
  <testcase name="findFlightPage" time="0.440" classname="com.newtours.tests.BookFlightsTest"/>
  <testcase name="findFlightPage" time="0.296" classname="com.newtours.tests.BookFlightsTest"/>
  <testcase name="registrationPage" time="7.948" classname="com.newtours.tests.BookFlightsTest"/>
  <testcase name="findFlightPage" time="0.349" classname="com.newtours.tests.BookFlightsTest"/>
  <testcase name="registrationConfirmationPage" time="0.132" classname="com.newtours.tests.BookFlightsTest"/>
  <testcase name="findFlightPage" time="0.303" classname="com.newtours.tests.BookFlightsTest"/>
  <testcase name="flightConfirmationPage" time="0.253" classname="com.newtours.tests.BookFlightsTest"/>
  <testcase name="flightConfirmationPage" time="0.262" classname="com.newtours.tests.BookFlightsTest"/>
  <testcase name="registrationConfirmationPage" time="0.190" classname="com.newtours.tests.BookFlightsTest"/>
  <testcase name="registrationPage" time="4.757" classname="com.newtours.tests.BookFlightsTest"/>
  <testcase name="FlightsDetailsPage" time="1.532" classname="com.newtours.tests.BookFlightsTest"/>
  <testcase name="registrationConfirmationPage" time="0.141" classname="com.newtours.tests.BookFlightsTest"/>
  <testcase name="FlightsDetailsPage" time="1.449" classname="com.newtours.tests.BookFlightsTest"/>
  <testcase name="registrationPage" time="13.960" classname="com.newtours.tests.BookFlightsTest"/>
  <testcase name="FlightsDetailsPage" time="1.505" classname="com.newtours.tests.BookFlightsTest"/>
</testsuite> <!-- com.newtours.tests.BookFlightsTest -->
